# JRE version: Java(TM) SE Runtime Environment (9.0+11) (build 9.0.4+11)
# Java VM: Java HotSpot(TM) 64-Bit Server VM (9.0.4+11, mixed mode, tiered, compressed oops, g1 gc, windows-amd64)
Heap:
 garbage-first heap   total 189440K, used 85656K [0x0000000700000000, 0x00000007001005c8, 0x00000007c0000000)
  region size 1024K, 6 young (6144K), 1 survivors (1024K)
 Metaspace       used 85470K, capacity 92101K, committed 92416K, reserved 1128448K
  class space    used 11533K, capacity 12709K, committed 12800K, reserved 1048576K
GC Heap History (10 events):
Event: 459.197 GC heap before
{Heap before GC invocations=214 (full 74):
 garbage-first heap   total 189440K, used 142203K [0x0000000700000000, 0x00000007001005c8, 0x00000007c0000000)
  region size 1024K, 60 young (61440K), 1 survivors (1024K)
 Metaspace       used 85450K, capacity 92037K, committed 92160K, reserved 1128448K
  class space    used 11533K, capacity 12709K, committed 12800K, reserved 1048576K
}
Event: 459.201 GC heap after
{Heap after GC invocations=215 (full 74):
 garbage-first heap   total 189440K, used 81621K [0x0000000700000000, 0x00000007001005c8, 0x00000007c0000000)
  region size 1024K, 1 young (1024K), 1 survivors (1024K)
 Metaspace       used 85450K, capacity 92037K, committed 92160K, reserved 1128448K
  class space    used 11533K, capacity 12709K, committed 12800K, reserved 1048576K
}
Event: 460.899 GC heap before
{Heap before GC invocations=215 (full 74):
 garbage-first heap   total 189440K, used 142037K [0x0000000700000000, 0x00000007001005c8, 0x00000007c0000000)
  region size 1024K, 60 young (61440K), 1 survivors (1024K)
 Metaspace       used 85461K, capacity 92101K, committed 92416K, reserved 1128448K
  class space    used 11533K, capacity 12709K, committed 12800K, reserved 1048576K
}
Event: 460.905 GC heap after
{Heap after GC invocations=216 (full 74):
 garbage-first heap   total 189440K, used 81927K [0x0000000700000000, 0x00000007001005c8, 0x00000007c0000000)
  region size 1024K, 1 young (1024K), 1 survivors (1024K)
 Metaspace       used 85461K, capacity 92101K, committed 92416K, reserved 1128448K
  class space    used 11533K, capacity 12709K, committed 12800K, reserved 1048576K
}
Event: 461.719 GC heap before
{Heap before GC invocations=216 (full 74):
 garbage-first heap   total 189440K, used 126983K [0x0000000700000000, 0x00000007001005c8, 0x00000007c0000000)
  region size 1024K, 46 young (47104K), 1 survivors (1024K)
 Metaspace       used 85462K, capacity 92101K, committed 92416K, reserved 1128448K
  class space    used 11533K, capacity 12709K, committed 12800K, reserved 1048576K
}
Event: 462.041 GC heap after
{Heap after GC invocations=217 (full 75):
 garbage-first heap   total 189440K, used 81284K [0x0000000700000000, 0x00000007001005c8, 0x00000007c0000000)
  region size 1024K, 0 young (0K), 0 survivors (0K)
 Metaspace       used 85462K, capacity 92101K, committed 92416K, reserved 1128448K
  class space    used 11533K, capacity 12709K, committed 12800K, reserved 1048576K
}
Event: 462.079 GC heap before
{Heap before GC invocations=217 (full 75):
 garbage-first heap   total 189440K, used 82308K [0x0000000700000000, 0x00000007001005c8, 0x00000007c0000000)
  region size 1024K, 2 young (2048K), 0 survivors (0K)
 Metaspace       used 85462K, capacity 92101K, committed 92416K, reserved 1128448K
  class space    used 11533K, capacity 12709K, committed 12800K, reserved 1048576K
}
Event: 462.382 GC heap after
{Heap after GC invocations=218 (full 76):
 garbage-first heap   total 189440K, used 81052K [0x0000000700000000, 0x00000007001005c8, 0x00000007c0000000)
  region size 1024K, 0 young (0K), 0 survivors (0K)
 Metaspace       used 85462K, capacity 92101K, committed 92416K, reserved 1128448K
  class space    used 11533K, capacity 12709K, committed 12800K, reserved 1048576K
}
Event: 463.967 GC heap before
{Heap before GC invocations=218 (full 76):
 garbage-first heap   total 189440K, used 142492K [0x0000000700000000, 0x00000007001005c8, 0x00000007c0000000)
  region size 1024K, 60 young (61440K), 0 survivors (0K)
 Metaspace       used 85469K, capacity 92101K, committed 92416K, reserved 1128448K
  class space    used 11533K, capacity 12709K, committed 12800K, reserved 1048576K
}
Event: 463.971 GC heap after
{Heap after GC invocations=219 (full 76):
 garbage-first heap   total 189440K, used 81560K [0x0000000700000000, 0x00000007001005c8, 0x00000007c0000000)
  region size 1024K, 1 young (1024K), 1 survivors (1024K)
 Metaspace       used 85469K, capacity 92101K, committed 92416K, reserved 1128448K
  class space    used 11533K, capacity 12709K, committed 12800K, reserved 1048576K
}

