# JRE version: Java(TM) SE Runtime Environment (9.0+11) (build 9.0.4+11)
# Java VM: Java HotSpot(TM) 64-Bit Server VM (9.0.4+11, mixed mode, tiered, compressed oops, g1 gc, windows-amd64)
Heap:
 garbage-first heap   total 189440K, used 108089K [0x0000000700000000, 0x00000007001005c8, 0x00000007c0000000)
  region size 1024K, 32 young (32768K), 1 survivors (1024K)
 Metaspace       used 86659K, capacity 93041K, committed 93312K, reserved 1130496K
  class space    used 11685K, capacity 12801K, committed 12928K, reserved 1048576K
GC Heap History (10 events):
Event: 404.493 GC heap before
{Heap before GC invocations=167 (full 52):
 garbage-first heap   total 189440K, used 137272K [0x0000000700000000, 0x00000007001005c8, 0x00000007c0000000)
  region size 1024K, 60 young (61440K), 1 survivors (1024K)
 Metaspace       used 86583K, capacity 92965K, committed 93312K, reserved 1130496K
  class space    used 11685K, capacity 12801K, committed 12928K, reserved 1048576K
}
Event: 404.495 GC heap after
{Heap after GC invocations=168 (full 52):
 garbage-first heap   total 189440K, used 76941K [0x0000000700000000, 0x00000007001005c8, 0x00000007c0000000)
  region size 1024K, 1 young (1024K), 1 survivors (1024K)
 Metaspace       used 86583K, capacity 92965K, committed 93312K, reserved 1130496K
  class space    used 11685K, capacity 12801K, committed 12928K, reserved 1048576K
}
Event: 409.714 GC heap before
{Heap before GC invocations=168 (full 52):
 garbage-first heap   total 189440K, used 137357K [0x0000000700000000, 0x00000007001005c8, 0x00000007c0000000)
  region size 1024K, 61 young (62464K), 1 survivors (1024K)
 Metaspace       used 86644K, capacity 93041K, committed 93312K, reserved 1130496K
  class space    used 11685K, capacity 12801K, committed 12928K, reserved 1048576K
}
Event: 409.716 GC heap after
{Heap after GC invocations=169 (full 52):
 garbage-first heap   total 189440K, used 77220K [0x0000000700000000, 0x00000007001005c8, 0x00000007c0000000)
  region size 1024K, 1 young (1024K), 1 survivors (1024K)
 Metaspace       used 86644K, capacity 93041K, committed 93312K, reserved 1130496K
  class space    used 11685K, capacity 12801K, committed 12928K, reserved 1048576K
}
Event: 410.776 GC heap before
{Heap before GC invocations=169 (full 52):
 garbage-first heap   total 189440K, used 137636K [0x0000000700000000, 0x00000007001005c8, 0x00000007c0000000)
  region size 1024K, 60 young (61440K), 1 survivors (1024K)
 Metaspace       used 86648K, capacity 93041K, committed 93312K, reserved 1130496K
  class space    used 11685K, capacity 12801K, committed 12928K, reserved 1048576K
}
Event: 410.777 GC heap after
{Heap after GC invocations=170 (full 52):
 garbage-first heap   total 189440K, used 77214K [0x0000000700000000, 0x00000007001005c8, 0x00000007c0000000)
  region size 1024K, 1 young (1024K), 1 survivors (1024K)
 Metaspace       used 86648K, capacity 93041K, committed 93312K, reserved 1130496K
  class space    used 11685K, capacity 12801K, committed 12928K, reserved 1048576K
}
Event: 410.899 GC heap before
{Heap before GC invocations=170 (full 52):
 garbage-first heap   total 189440K, used 137630K [0x0000000700000000, 0x00000007001005c8, 0x00000007c0000000)
  region size 1024K, 60 young (61440K), 1 survivors (1024K)
 Metaspace       used 86656K, capacity 93041K, committed 93312K, reserved 1130496K
  class space    used 11685K, capacity 12801K, committed 12928K, reserved 1048576K
}
Event: 410.901 GC heap after
{Heap after GC invocations=171 (full 52):
 garbage-first heap   total 189440K, used 77155K [0x0000000700000000, 0x00000007001005c8, 0x00000007c0000000)
  region size 1024K, 1 young (1024K), 1 survivors (1024K)
 Metaspace       used 86656K, capacity 93041K, committed 93312K, reserved 1130496K
  class space    used 11685K, capacity 12801K, committed 12928K, reserved 1048576K
}
Event: 411.719 GC heap before
{Heap before GC invocations=171 (full 52):
 garbage-first heap   total 189440K, used 137571K [0x0000000700000000, 0x00000007001005c8, 0x00000007c0000000)
  region size 1024K, 60 young (61440K), 1 survivors (1024K)
 Metaspace       used 86658K, capacity 93041K, committed 93312K, reserved 1130496K
  class space    used 11685K, capacity 12801K, committed 12928K, reserved 1048576K
}
Event: 411.721 GC heap after
{Heap after GC invocations=172 (full 52):
 garbage-first heap   total 189440K, used 77369K [0x0000000700000000, 0x00000007001005c8, 0x00000007c0000000)
  region size 1024K, 1 young (1024K), 1 survivors (1024K)
 Metaspace       used 86658K, capacity 93041K, committed 93312K, reserved 1130496K
  class space    used 11685K, capacity 12801K, committed 12928K, reserved 1048576K
}

